# JRE version: OpenJDK Runtime Environment (8.0_152-b01) (build 1.8.0_152-release-1343-b01)
# Java VM: OpenJDK 64-Bit Server VM (25.152-b01 mixed mode windows-amd64 compressed oops)
Heap:
 PSYoungGen      total 182272K, used 29100K [0x00000000e0000000, 0x00000000ee380000, 0x0000000100000000)
  eden space 166912K, 9% used [0x00000000e0000000,0x00000000e1028418,0x00000000ea300000)
  from space 15360K, 81% used [0x00000000ea300000,0x00000000eaf42d20,0x00000000eb200000)
  to   space 16384K, 0% used [0x00000000ed380000,0x00000000ed380000,0x00000000ee380000)
 ParOldGen       total 120832K, used 27932K [0x00000000a0000000, 0x00000000a7600000, 0x00000000e0000000)
  object space 120832K, 23% used [0x00000000a0000000,0x00000000a1b47100,0x00000000a7600000)
 Metaspace       used 64265K, capacity 66694K, committed 66968K, reserved 1107968K
  class space    used 8724K, capacity 9253K, committed 9368K, reserved 1048576K
GC Heap History (10 events):
Event: 11.475 GC heap before
{Heap before GC invocations=12 (full 2):
 PSYoungGen      total 114176K, used 102912K [0x00000000e0000000, 0x00000000e9f00000, 0x0000000100000000)
  eden space 102912K, 100% used [0x00000000e0000000,0x00000000e6480000,0x00000000e6480000)
  from space 11264K, 0% used [0x00000000e6480000,0x00000000e6480000,0x00000000e6f80000)
  to   space 12288K, 0% used [0x00000000e9300000,0x00000000e9300000,0x00000000e9f00000)
 ParOldGen       total 84992K, used 17593K [0x00000000a0000000, 0x00000000a5300000, 0x00000000e0000000)
  object space 84992K, 20% used [0x00000000a0000000,0x00000000a112e6c8,0x00000000a5300000)
 Metaspace       used 44636K, capacity 45760K, committed 45992K, reserved 1089536K
  class space    used 6000K, capacity 6273K, committed 6312K, reserved 1048576K
Event: 11.492 GC heap after
Heap after GC invocations=12 (full 2):
 PSYoungGen      total 144384K, used 12287K [0x00000000e0000000, 0x00000000e9f00000, 0x0000000100000000)
  eden space 132096K, 0% used [0x00000000e0000000,0x00000000e0000000,0x00000000e8100000)
  from space 12288K, 99% used [0x00000000e9300000,0x00000000e9efff68,0x00000000e9f00000)
  to   space 14336K, 0% used [0x00000000e8300000,0x00000000e8300000,0x00000000e9100000)
 ParOldGen       total 84992K, used 19302K [0x00000000a0000000, 0x00000000a5300000, 0x00000000e0000000)
  object space 84992K, 22% used [0x00000000a0000000,0x00000000a12d9930,0x00000000a5300000)
 Metaspace       used 44636K, capacity 45760K, committed 45992K, reserved 1089536K
  class space    used 6000K, capacity 6273K, committed 6312K, reserved 1048576K
}
Event: 15.478 GC heap before
{Heap before GC invocations=13 (full 2):
 PSYoungGen      total 144384K, used 144383K [0x00000000e0000000, 0x00000000e9f00000, 0x0000000100000000)
  eden space 132096K, 100% used [0x00000000e0000000,0x00000000e8100000,0x00000000e8100000)
  from space 12288K, 99% used [0x00000000e9300000,0x00000000e9efff68,0x00000000e9f00000)
  to   space 14336K, 0% used [0x00000000e8300000,0x00000000e8300000,0x00000000e9100000)
 ParOldGen       total 84992K, used 19302K [0x00000000a0000000, 0x00000000a5300000, 0x00000000e0000000)
  object space 84992K, 22% used [0x00000000a0000000,0x00000000a12d9930,0x00000000a5300000)
 Metaspace       used 56125K, capacity 57588K, committed 57896K, reserved 1099776K
  class space    used 7533K, capacity 7856K, committed 7976K, reserved 1048576K
Event: 15.509 GC heap after
Heap after GC invocations=13 (full 2):
 PSYoungGen      total 148480K, used 12984K [0x00000000e0000000, 0x00000000ec100000, 0x0000000100000000)
  eden space 134144K, 0% used [0x00000000e0000000,0x00000000e0000000,0x00000000e8300000)
  from space 14336K, 90% used [0x00000000e8300000,0x00000000e8fae110,0x00000000e9100000)
  to   space 15360K, 0% used [0x00000000eb200000,0x00000000eb200000,0x00000000ec100000)
 ParOldGen       total 84992K, used 26142K [0x00000000a0000000, 0x00000000a5300000, 0x00000000e0000000)
  object space 84992K, 30% used [0x00000000a0000000,0x00000000a1987998,0x00000000a5300000)
 Metaspace       used 56125K, capacity 57588K, committed 57896K, reserved 1099776K
  class space    used 7533K, capacity 7856K, committed 7976K, reserved 1048576K
}
Event: 16.282 GC heap before
{Heap before GC invocations=14 (full 2):
 PSYoungGen      total 148480K, used 30860K [0x00000000e0000000, 0x00000000ec100000, 0x0000000100000000)
  eden space 134144K, 13% used [0x00000000e0000000,0x00000000e1175268,0x00000000e8300000)
  from space 14336K, 90% used [0x00000000e8300000,0x00000000e8fae110,0x00000000e9100000)
  to   space 15360K, 0% used [0x00000000eb200000,0x00000000eb200000,0x00000000ec100000)
 ParOldGen       total 84992K, used 26142K [0x00000000a0000000, 0x00000000a5300000, 0x00000000e0000000)
  object space 84992K, 30% used [0x00000000a0000000,0x00000000a1987998,0x00000000a5300000)
 Metaspace       used 57428K, capacity 59054K, committed 59160K, reserved 1099776K
  class space    used 7760K, capacity 8123K, committed 8216K, reserved 1048576K
Event: 16.296 GC heap after
Heap after GC invocations=14 (full 2):
 PSYoungGen      total 182272K, used 6175K [0x00000000e0000000, 0x00000000ec600000, 0x0000000100000000)
  eden space 166912K, 0% used [0x00000000e0000000,0x00000000e0000000,0x00000000ea300000)
  from space 15360K, 40% used [0x00000000eb200000,0x00000000eb807fe8,0x00000000ec100000)
  to   space 15360K, 0% used [0x00000000ea300000,0x00000000ea300000,0x00000000eb200000)
 ParOldGen       total 84992K, used 26150K [0x00000000a0000000, 0x00000000a5300000, 0x00000000e0000000)
  object space 84992K, 30% used [0x00000000a0000000,0x00000000a1989998,0x00000000a5300000)
 Metaspace       used 57428K, capacity 59054K, committed 59160K, reserved 1099776K
  class space    used 7760K, capacity 8123K, committed 8216K, reserved 1048576K
}
Event: 16.296 GC heap before
{Heap before GC invocations=15 (full 3):
 PSYoungGen      total 182272K, used 6175K [0x00000000e0000000, 0x00000000ec600000, 0x0000000100000000)
  eden space 166912K, 0% used [0x00000000e0000000,0x00000000e0000000,0x00000000ea300000)
  from space 15360K, 40% used [0x00000000eb200000,0x00000000eb807fe8,0x00000000ec100000)
  to   space 15360K, 0% used [0x00000000ea300000,0x00000000ea300000,0x00000000eb200000)
 ParOldGen       total 84992K, used 26150K [0x00000000a0000000, 0x00000000a5300000, 0x00000000e0000000)
  object space 84992K, 30% used [0x00000000a0000000,0x00000000a1989998,0x00000000a5300000)
 Metaspace       used 57428K, capacity 59054K, committed 59160K, reserved 1099776K
  class space    used 7760K, capacity 8123K, committed 8216K, reserved 1048576K
Event: 16.579 GC heap after
Heap after GC invocations=15 (full 3):
 PSYoungGen      total 182272K, used 0K [0x00000000e0000000, 0x00000000ec600000, 0x0000000100000000)
  eden space 166912K, 0% used [0x00000000e0000000,0x00000000e0000000,0x00000000ea300000)
  from space 15360K, 0% used [0x00000000eb200000,0x00000000eb200000,0x00000000ec100000)
  to   space 15360K, 0% used [0x00000000ea300000,0x00000000ea300000,0x00000000eb200000)
 ParOldGen       total 120832K, used 27924K [0x00000000a0000000, 0x00000000a7600000, 0x00000000e0000000)
  object space 120832K, 23% used [0x00000000a0000000,0x00000000a1b45100,0x00000000a7600000)
 Metaspace       used 57428K, capacity 59054K, committed 59160K, reserved 1099776K
  class space    used 7760K, capacity 8123K, committed 8216K, reserved 1048576K
}
Event: 21.282 GC heap before
{Heap before GC invocations=16 (full 3):
 PSYoungGen      total 182272K, used 166912K [0x00000000e0000000, 0x00000000ec600000, 0x0000000100000000)
  eden space 166912K, 100% used [0x00000000e0000000,0x00000000ea300000,0x00000000ea300000)
  from space 15360K, 0% used [0x00000000eb200000,0x00000000eb200000,0x00000000ec100000)
  to   space 15360K, 0% used [0x00000000ea300000,0x00000000ea300000,0x00000000eb200000)
 ParOldGen       total 120832K, used 27924K [0x00000000a0000000, 0x00000000a7600000, 0x00000000e0000000)
  object space 120832K, 23% used [0x00000000a0000000,0x00000000a1b45100,0x00000000a7600000)
 Metaspace       used 64112K, capacity 66576K, committed 66840K, reserved 1107968K
  class space    used 8705K, capacity 9218K, committed 9240K, reserved 1048576K
Event: 21.302 GC heap after
Heap after GC invocations=16 (full 3):
 PSYoungGen      total 182272K, used 12555K [0x00000000e0000000, 0x00000000ee380000, 0x0000000100000000)
  eden space 166912K, 0% used [0x00000000e0000000,0x00000000e0000000,0x00000000ea300000)
  from space 15360K, 81% used [0x00000000ea300000,0x00000000eaf42d20,0x00000000eb200000)
  to   space 16384K, 0% used [0x00000000ed380000,0x00000000ed380000,0x00000000ee380000)
 ParOldGen       total 120832K, used 27932K [0x00000000a0000000, 0x00000000a7600000, 0x00000000e0000000)
  object space 120832K, 23% used [0x00000000a0000000,0x00000000a1b47100,0x00000000a7600000)
 Metaspace       used 64112K, capacity 66576K, committed 66840K, reserved 1107968K
  class space    used 8705K, capacity 9218K, committed 9240K, reserved 1048576K
}

