# JRE version: OpenJDK Runtime Environment (8.0_152-b01) (build 1.8.0_152-release-1343-b01)
# Java VM: OpenJDK 64-Bit Server VM (25.152-b01 mixed mode windows-amd64 compressed oops)
Heap:
 PSYoungGen      total 201728K, used 98826K [0x00000000e0000000, 0x00000000ed800000, 0x0000000100000000)
  eden space 185856K, 53% used [0x00000000e0000000,0x00000000e6082828,0x00000000eb580000)
  from space 15872K, 0% used [0x00000000ec580000,0x00000000ec580000,0x00000000ed500000)
  to   space 16384K, 0% used [0x00000000eb580000,0x00000000eb580000,0x00000000ec580000)
 ParOldGen       total 114688K, used 28840K [0x00000000a0000000, 0x00000000a7000000, 0x00000000e0000000)
  object space 114688K, 25% used [0x00000000a0000000,0x00000000a1c2a3f8,0x00000000a7000000)
 Metaspace       used 62041K, capacity 64224K, committed 64344K, reserved 1103872K
  class space    used 8499K, capacity 8991K, committed 9088K, reserved 1048576K
GC Heap History (10 events):
Event: 54.481 GC heap before
{Heap before GC invocations=11 (full 2):
 PSYoungGen      total 110592K, used 10565K [0x00000000e0000000, 0x00000000e9a80000, 0x0000000100000000)
  eden space 99328K, 0% used [0x00000000e0000000,0x00000000e0000000,0x00000000e6100000)
  from space 11264K, 93% used [0x00000000e6100000,0x00000000e6b51470,0x00000000e6c00000)
  to   space 12288K, 0% used [0x00000000e8e80000,0x00000000e8e80000,0x00000000e9a80000)
 ParOldGen       total 56832K, used 8406K [0x00000000a0000000, 0x00000000a3780000, 0x00000000e0000000)
  object space 56832K, 14% used [0x00000000a0000000,0x00000000a0835be8,0x00000000a3780000)
 Metaspace       used 34523K, capacity 35382K, committed 35456K, reserved 1079296K
  class space    used 4755K, capacity 4978K, committed 4992K, reserved 1048576K
Event: 54.572 GC heap after
Heap after GC invocations=11 (full 2):
 PSYoungGen      total 110592K, used 0K [0x00000000e0000000, 0x00000000e9a80000, 0x0000000100000000)
  eden space 99328K, 0% used [0x00000000e0000000,0x00000000e0000000,0x00000000e6100000)
  from space 11264K, 0% used [0x00000000e6100000,0x00000000e6100000,0x00000000e6c00000)
  to   space 12288K, 0% used [0x00000000e8e80000,0x00000000e8e80000,0x00000000e9a80000)
 ParOldGen       total 77824K, used 16939K [0x00000000a0000000, 0x00000000a4c00000, 0x00000000e0000000)
  object space 77824K, 21% used [0x00000000a0000000,0x00000000a108adf8,0x00000000a4c00000)
 Metaspace       used 34513K, capacity 35352K, committed 35456K, reserved 1079296K
  class space    used 4753K, capacity 4973K, committed 4992K, reserved 1048576K
}
Event: 56.123 GC heap before
{Heap before GC invocations=12 (full 2):
 PSYoungGen      total 110592K, used 99328K [0x00000000e0000000, 0x00000000e9a80000, 0x0000000100000000)
  eden space 99328K, 100% used [0x00000000e0000000,0x00000000e6100000,0x00000000e6100000)
  from space 11264K, 0% used [0x00000000e6100000,0x00000000e6100000,0x00000000e6c00000)
  to   space 12288K, 0% used [0x00000000e8e80000,0x00000000e8e80000,0x00000000e9a80000)
 ParOldGen       total 77824K, used 16939K [0x00000000a0000000, 0x00000000a4c00000, 0x00000000e0000000)
  object space 77824K, 21% used [0x00000000a0000000,0x00000000a108adf8,0x00000000a4c00000)
 Metaspace       used 44631K, capacity 45792K, committed 46080K, reserved 1089536K
  class space    used 5996K, capacity 6282K, committed 6400K, reserved 1048576K
Event: 56.150 GC heap after
Heap after GC invocations=12 (full 2):
 PSYoungGen      total 143872K, used 12256K [0x00000000e0000000, 0x00000000ea600000, 0x0000000100000000)
  eden space 131584K, 0% used [0x00000000e0000000,0x00000000e0000000,0x00000000e8080000)
  from space 12288K, 99% used [0x00000000e8e80000,0x00000000e9a78238,0x00000000e9a80000)
  to   space 14336K, 0% used [0x00000000e8080000,0x00000000e8080000,0x00000000e8e80000)
 ParOldGen       total 77824K, used 19206K [0x00000000a0000000, 0x00000000a4c00000, 0x00000000e0000000)
  object space 77824K, 24% used [0x00000000a0000000,0x00000000a12c19d0,0x00000000a4c00000)
 Metaspace       used 44631K, capacity 45792K, committed 46080K, reserved 1089536K
  class space    used 5996K, capacity 6282K, committed 6400K, reserved 1048576K
}
Event: 57.910 GC heap before
{Heap before GC invocations=13 (full 2):
 PSYoungGen      total 143872K, used 143840K [0x00000000e0000000, 0x00000000ea600000, 0x0000000100000000)
  eden space 131584K, 100% used [0x00000000e0000000,0x00000000e8080000,0x00000000e8080000)
  from space 12288K, 99% used [0x00000000e8e80000,0x00000000e9a78238,0x00000000e9a80000)
  to   space 14336K, 0% used [0x00000000e8080000,0x00000000e8080000,0x00000000e8e80000)
 ParOldGen       total 77824K, used 19206K [0x00000000a0000000, 0x00000000a4c00000, 0x00000000e0000000)
  object space 77824K, 24% used [0x00000000a0000000,0x00000000a12c19d0,0x00000000a4c00000)
 Metaspace       used 55386K, capacity 57028K, committed 57344K, reserved 1099776K
  class space    used 7434K, capacity 7853K, committed 7936K, reserved 1048576K
Event: 57.935 GC heap after
Heap after GC invocations=13 (full 2):
 PSYoungGen      total 145920K, used 13368K [0x00000000e0000000, 0x00000000ed500000, 0x0000000100000000)
  eden space 131584K, 0% used [0x00000000e0000000,0x00000000e0000000,0x00000000e8080000)
  from space 14336K, 93% used [0x00000000e8080000,0x00000000e8d8e2f8,0x00000000e8e80000)
  to   space 15872K, 0% used [0x00000000ec580000,0x00000000ec580000,0x00000000ed500000)
 ParOldGen       total 77824K, used 25194K [0x00000000a0000000, 0x00000000a4c00000, 0x00000000e0000000)
  object space 77824K, 32% used [0x00000000a0000000,0x00000000a189a808,0x00000000a4c00000)
 Metaspace       used 55386K, capacity 57028K, committed 57344K, reserved 1099776K
  class space    used 7434K, capacity 7853K, committed 7936K, reserved 1048576K
}
Event: 58.399 GC heap before
{Heap before GC invocations=14 (full 2):
 PSYoungGen      total 145920K, used 37985K [0x00000000e0000000, 0x00000000ed500000, 0x0000000100000000)
  eden space 131584K, 18% used [0x00000000e0000000,0x00000000e180a288,0x00000000e8080000)
  from space 14336K, 93% used [0x00000000e8080000,0x00000000e8d8e2f8,0x00000000e8e80000)
  to   space 15872K, 0% used [0x00000000ec580000,0x00000000ec580000,0x00000000ed500000)
 ParOldGen       total 77824K, used 25194K [0x00000000a0000000, 0x00000000a4c00000, 0x00000000e0000000)
  object space 77824K, 32% used [0x00000000a0000000,0x00000000a189a808,0x00000000a4c00000)
 Metaspace       used 57348K, capacity 59046K, committed 59096K, reserved 1099776K
  class space    used 7728K, capacity 8144K, committed 8192K, reserved 1048576K
Event: 58.411 GC heap after
Heap after GC invocations=14 (full 2):
 PSYoungGen      total 201728K, used 3056K [0x00000000e0000000, 0x00000000ed800000, 0x0000000100000000)
  eden space 185856K, 0% used [0x00000000e0000000,0x00000000e0000000,0x00000000eb580000)
  from space 15872K, 19% used [0x00000000ec580000,0x00000000ec87c118,0x00000000ed500000)
  to   space 16384K, 0% used [0x00000000eb580000,0x00000000eb580000,0x00000000ec580000)
 ParOldGen       total 77824K, used 30813K [0x00000000a0000000, 0x00000000a4c00000, 0x00000000e0000000)
  object space 77824K, 39% used [0x00000000a0000000,0x00000000a1e176f0,0x00000000a4c00000)
 Metaspace       used 57348K, capacity 59046K, committed 59096K, reserved 1099776K
  class space    used 7728K, capacity 8144K, committed 8192K, reserved 1048576K
}
Event: 58.411 GC heap before
{Heap before GC invocations=15 (full 3):
 PSYoungGen      total 201728K, used 3056K [0x00000000e0000000, 0x00000000ed800000, 0x0000000100000000)
  eden space 185856K, 0% used [0x00000000e0000000,0x00000000e0000000,0x00000000eb580000)
  from space 15872K, 19% used [0x00000000ec580000,0x00000000ec87c118,0x00000000ed500000)
  to   space 16384K, 0% used [0x00000000eb580000,0x00000000eb580000,0x00000000ec580000)
 ParOldGen       total 77824K, used 30813K [0x00000000a0000000, 0x00000000a4c00000, 0x00000000e0000000)
  object space 77824K, 39% used [0x00000000a0000000,0x00000000a1e176f0,0x00000000a4c00000)
 Metaspace       used 57348K, capacity 59046K, committed 59096K, reserved 1099776K
  class space    used 7728K, capacity 8144K, committed 8192K, reserved 1048576K
Event: 58.727 GC heap after
Heap after GC invocations=15 (full 3):
 PSYoungGen      total 201728K, used 0K [0x00000000e0000000, 0x00000000ed800000, 0x0000000100000000)
  eden space 185856K, 0% used [0x00000000e0000000,0x00000000e0000000,0x00000000eb580000)
  from space 15872K, 0% used [0x00000000ec580000,0x00000000ec580000,0x00000000ed500000)
  to   space 16384K, 0% used [0x00000000eb580000,0x00000000eb580000,0x00000000ec580000)
 ParOldGen       total 114688K, used 28840K [0x00000000a0000000, 0x00000000a7000000, 0x00000000e0000000)
  object space 114688K, 25% used [0x00000000a0000000,0x00000000a1c2a3f8,0x00000000a7000000)
 Metaspace       used 57348K, capacity 59046K, committed 59096K, reserved 1099776K
  class space    used 7728K, capacity 8144K, committed 8192K, reserved 1048576K
}

